<?xml version="1.0" encoding="UTF-8" standalone="no"?>
<testsuite errors="0" failures="1" name="io.cucumber.core.plugin.JUnitFormatter" skipped="0" tests="10" time="163.774">
<testcase classname="F01_Register | users could register with new accounts" name="guest user could register with valid data successfully" time="26.605">
<failure message="no such element: Unable to locate element: {&quot;method&quot;:&quot;css selector&quot;,&quot;selector&quot;:&quot;.result&quot;}&#10;  (Session info: chrome=105.0.5195.102)&#10;For documentation on this error, please visit: https://selenium.dev/exceptions/#no_such_element&#10;Build info: version: '4.3.0', revision: 'a4995e2c09*'&#10;System info: host: 'DESKTOP-LC87T5L', ip: '192.168.56.1', os.name: 'Windows 10', os.arch: 'amd64', os.version: '10.0', java.version: '1.8.0_311'&#10;Driver info: org.openqa.selenium.chrome.ChromeDriver&#10;Command: [f53fafb1e1fe462fc52f0ed0399da327, findElement {using=class name, value=result}]&#10;Capabilities {acceptInsecureCerts: false, browserName: chrome, browserVersion: 105.0.5195.102, chrome: {chromedriverVersion: 104.0.5112.79 (3cf3e8c8a07d..., userDataDir: C:\Users\COMPUA~1\AppData\L...}, goog:chromeOptions: {debuggerAddress: localhost:58135}, networkConnectionEnabled: false, pageLoadStrategy: normal, platformName: WINDOWS, proxy: Proxy(), se:cdp: ws://localhost:58135/devtoo..., se:cdpVersion: 105.0.5195.102, setWindowRect: true, strictFileInteractability: false, timeouts: {implicit: 0, pageLoad: 300000, script: 30000}, unhandledPromptBehavior: dismiss and notify, webauthn:extension:credBlob: true, webauthn:extension:largeBlob: true, webauthn:virtualAuthenticators: true}&#10;Session ID: f53fafb1e1fe462fc52f0ed0399da327" type="org.openqa.selenium.NoSuchElementException"><![CDATA[Given user go to register page..............................................passed
And user select gender type.................................................passed
And user enter first name "automation" and last name "tester"...............passed
And user enter date of birth................................................passed
And user enter valid email"omar15fire@gmail.com"............................passed
And user enter his Company name.............................................passed
And user enter valid Password"654321".......................................passed
And user fills Confirm Password field.......................................passed
When user clicks on register button.........................................passed
Then success message is displayed...........................................failed

StackTrace:
org.openqa.selenium.NoSuchElementException: no such element: Unable to locate element: {"method":"css selector","selector":".result"}
  (Session info: chrome=105.0.5195.102)
For documentation on this error, please visit: https://selenium.dev/exceptions/#no_such_element
Build info: version: '4.3.0', revision: 'a4995e2c09*'
System info: host: 'DESKTOP-LC87T5L', ip: '192.168.56.1', os.name: 'Windows 10', os.arch: 'amd64', os.version: '10.0', java.version: '1.8.0_311'
Driver info: org.openqa.selenium.chrome.ChromeDriver
Command: [f53fafb1e1fe462fc52f0ed0399da327, findElement {using=class name, value=result}]
Capabilities {acceptInsecureCerts: false, browserName: chrome, browserVersion: 105.0.5195.102, chrome: {chromedriverVersion: 104.0.5112.79 (3cf3e8c8a07d..., userDataDir: C:\Users\COMPUA~1\AppData\L...}, goog:chromeOptions: {debuggerAddress: localhost:58135}, networkConnectionEnabled: false, pageLoadStrategy: normal, platformName: WINDOWS, proxy: Proxy(), se:cdp: ws://localhost:58135/devtoo..., se:cdpVersion: 105.0.5195.102, setWindowRect: true, strictFileInteractability: false, timeouts: {implicit: 0, pageLoad: 300000, script: 30000}, unhandledPromptBehavior: dismiss and notify, webauthn:extension:credBlob: true, webauthn:extension:largeBlob: true, webauthn:virtualAuthenticators: true}
Session ID: f53fafb1e1fe462fc52f0ed0399da327
	at sun.reflect.NativeConstructorAccessorImpl.newInstance0(Native Method)
	at sun.reflect.NativeConstructorAccessorImpl.newInstance(NativeConstructorAccessorImpl.java:62)
	at sun.reflect.DelegatingConstructorAccessorImpl.newInstance(DelegatingConstructorAccessorImpl.java:45)
	at java.lang.reflect.Constructor.newInstance(Constructor.java:423)
	at org.openqa.selenium.remote.codec.w3c.W3CHttpResponseCodec.createException(W3CHttpResponseCodec.java:200)
	at org.openqa.selenium.remote.codec.w3c.W3CHttpResponseCodec.decode(W3CHttpResponseCodec.java:133)
	at org.openqa.selenium.remote.codec.w3c.W3CHttpResponseCodec.decode(W3CHttpResponseCodec.java:53)
	at org.openqa.selenium.remote.HttpCommandExecutor.execute(HttpCommandExecutor.java:184)
	at org.openqa.selenium.remote.service.DriverCommandExecutor.invokeExecute(DriverCommandExecutor.java:167)
	at org.openqa.selenium.remote.service.DriverCommandExecutor.execute(DriverCommandExecutor.java:142)
	at org.openqa.selenium.remote.RemoteWebDriver.execute(RemoteWebDriver.java:569)
	at org.openqa.selenium.remote.ElementLocation$ElementFinder$2.findElement(ElementLocation.java:162)
	at org.openqa.selenium.remote.ElementLocation.findElement(ElementLocation.java:60)
	at org.openqa.selenium.remote.RemoteWebDriver.findElement(RemoteWebDriver.java:387)
	at org.openqa.selenium.remote.RemoteWebDriver.findElement(RemoteWebDriver.java:379)
	at org.example.stepDefs.D01_registerStepDef.successMassage(D01_registerStepDef.java:66)
	at ✽.success message is displayed(file:///D:/FWD/demonopcommerce/src/main/resources/features/F01_Register.feature:13)
]]></failure>
</testcase>
<testcase classname="F02_Login | users could use login functionality to use their accounts" name="user could login with valid email and password" time="13.067">
<system-out><![CDATA[Given user go to login page.................................................passed
And user enter valid email"omar15fire@gmail.com"............................passed
And user enter valid Password"654321".......................................passed
When user press on login button.............................................passed
Then user login to the system successfully..................................passed
]]></system-out>
</testcase>
<testcase classname="F02_Login | users could use login functionality to use their accounts" name="user couldn't login with Invalid email and password" time="12.879">
<system-out><![CDATA[Given user go to login page.................................................passed
And user enter invalid email field..........................................passed
And user enter invalid Password field.......................................passed
When user press on login button.............................................passed
Then user couldn't login to the system......................................passed
]]></system-out>
</testcase>
<testcase classname="user could switch between currencies" name="user could select euro currency" time="12.935">
<system-out><![CDATA[When user select “Euro” from currency dropdown..............................passed
Then euro sign are found through all products in homepage...................passed
]]></system-out>
</testcase>
<testcase classname="F04 users search for products with different parameters" name="user could search for product using product name" time="17.054">
<system-out><![CDATA[Given user go to Search Page................................................passed
When link of page is valid and user search withPN "book"....................passed
Then user could find "book".................................................passed
]]></system-out>
</testcase>
<testcase classname="F04 users search for products with different parameters" name="user could search for product using product name 2" time="10.47">
<system-out><![CDATA[Given user go to Search Page................................................passed
When link of page is valid and user search withPN "Laptop"..................passed
Then user could find "Laptop"...............................................passed
]]></system-out>
</testcase>
<testcase classname="F04 users search for products with different parameters" name="user could search for product using product name 3" time="18.44">
<system-out><![CDATA[Given user go to Search Page................................................passed
When link of page is valid and user search withPN "nike"....................passed
Then user could find "nike".................................................passed
]]></system-out>
</testcase>
<testcase classname="F04 users search for products with different parameters" name="user could search for product using sku" time="16.504">
<system-out><![CDATA[Given user go to Search Page................................................passed
When user search with "SCI_FAITH"...........................................passed
Then user could find defined "SCI_FAITH"....................................passed
]]></system-out>
</testcase>
<testcase classname="F04 users search for products with different parameters" name="user could search for product using sku 2" time="18.922">
<system-out><![CDATA[Given user go to Search Page................................................passed
When user search with "APPLE_CAM"...........................................passed
Then user could find defined "APPLE_CAM"....................................passed
]]></system-out>
</testcase>
<testcase classname="F04 users search for products with different parameters" name="user could search for product using sku 3" time="16.486">
<system-out><![CDATA[Given user go to Search Page................................................passed
When user search with "SF_PRO_11"...........................................passed
Then user could find defined "SF_PRO_11"....................................passed
]]></system-out>
</testcase>
</testsuite>
